  CHK     include/linux/version.h
  SYMLINK include/asm -> include/asm-arm
  HOSTCC  scripts/basic/fixdep
  HOSTCC  scripts/basic/docproc
  HOSTCC  scripts/basic/hash
  Generating include/asm-arm/mach-types.h
  CHK     include/linux/utsrelease.h
  HOSTCC  scripts/conmakehash
  CC      scripts/mod/empty.o
  HOSTCC  scripts/mod/mk_elfconfig
  MKELF   scripts/mod/elfconfig.h
  HOSTCC  scripts/mod/file2alias.o
  HOSTCC  scripts/mod/modpost.o
  HOSTCC  scripts/mod/sumversion.o
scripts/mod/modpost.c: In function ‘get_markers’:
scripts/mod/modpost.c:1562:12: warning: ignoring return value of ‘asprintf’, declared with attribute warn_unused_result [-Wunused-result]
scripts/mod/modpost.c: In function ‘add_marker’:
scripts/mod/modpost.c:1982:10: warning: ignoring return value of ‘asprintf’, declared with attribute warn_unused_result [-Wunused-result]
  HOSTLD  scripts/mod/modpost
  CC      kernel/bounds.s
  GEN     include/linux/bounds.h
  CC      arch/arm/kernel/asm-offsets.s
  GEN     include/asm/asm-offsets.h
  CALL    scripts/checksyscalls.sh
  CC      init/main.o
  CHK     include/linux/compile.h
  CC      init/do_mounts.o
  CC      init/do_mounts_rd.o
  CC      init/do_mounts_initrd.o
  CC      init/initramfs.o
  CC      init/calibrate.o
  HOSTCC  usr/gen_init_cpio
  UPD     include/linux/compile.h
  CC      arch/arm/kernel/compat.o
  CC      init/version.o
  CC      arch/arm/kernel/elf.o
  GEN     usr/initramfs_data.cpio
  AS      usr/initramfs_data.o
  LD      usr/built-in.o
  CC      arch/arm/mm/dma-mapping.o
  AS      arch/arm/kernel/entry-armv.o
  CC      arch/arm/mm/extable.o
  CC      arch/arm/mm/fault.o
  LD      arch/arm/common/built-in.o
  AS      arch/arm/kernel/entry-common.o
  CC      arch/arm/mach-msm/io.o
  CC      arch/arm/mach-msm/dma.o
  CC      arch/arm/vfp/vfpmodule.o
  CC      arch/arm/kernel/irq.o
  LD      init/mounts.o
  AS      arch/arm/vfp/entry.o
  LD      init/built-in.o
  CC      arch/arm/mach-msm/memory.o
  CC      arch/arm/kernel/process.o
  AS      arch/arm/vfp/vfphw.o
  CC      arch/arm/mm/init.o
  CC      arch/arm/mm/iomap.o
  CC      arch/arm/perfmon/perf-function-hooks.o
  CC      arch/arm/vfp/vfpsingle.o
  CC      arch/arm/vfp/vfpdouble.o
  CC      arch/arm/mm/fault-armv.o
  CC      arch/arm/mach-msm/clock.o
  CC      arch/arm/kernel/ptrace.o
  CC      arch/arm/mach-msm/modem_notifier.o
  LD      arch/arm/perfmon/built-in.o
  CC      kernel/sched.o
  CC      kernel/fork.o
  CC      arch/arm/mm/flush.o
  CC      kernel/exec_domain.o
  CC      mm/bootmem.o
kernel/sched.c: In function 'update_sysctl':
kernel/sched.c:7053:22: warning: comparison of distinct pointer types lacks a cast [enabled by default]
  CC      arch/arm/mach-msm/cpufreq.o
  LD      arch/arm/vfp/vfp.o
  LD      arch/arm/vfp/built-in.o
  CC      mm/filemap.o
  CC      arch/arm/kernel/return_address.o
  CC      arch/arm/mm/ioremap.o
  CC      arch/arm/mach-msm/proc_comm.o
  CC      mm/mempool.o
  CC      arch/arm/mach-msm/clock-pcom.o
  CC      arch/arm/kernel/setup.o
  CC      mm/oom_kill.o
  CC      arch/arm/mm/mmap.o
  CC      arch/arm/mach-msm/internal_power_rail.o
  CC      arch/arm/mm/pgd.o
  CC      arch/arm/mm/mmu.o
  CC      arch/arm/kernel/signal.o
  CC      arch/arm/mm/proc-syms.o
  CC      arch/arm/mach-msm/vreg.o
  CC      fs/open.o
  CC      mm/fadvise.o
  CC      arch/arm/kernel/sys_arm.o
  CC      arch/arm/mach-msm/mpp.o
  CC      arch/arm/mm/alignment.o
  AS      arch/arm/mm/abort-ev6.o
  AS      arch/arm/mm/pabort-v6.o
  AS      arch/arm/mm/cache-v6.o
  CC      arch/arm/mm/copypage-v6.o
  CC      kernel/panic.o
  CC      arch/arm/kernel/stacktrace.o
  CC      mm/maccess.o
  CC      arch/arm/mach-msm/acpuclock.o
  CC      arch/arm/kernel/time.o
  CC      fs/read_write.o
  CC      kernel/printk.o
  CC      arch/arm/kernel/traps.o
  CC      arch/arm/mm/context.o
  AS      arch/arm/mm/tlb-v6.o
  CC      mm/page_alloc.o
  AS      arch/arm/mm/proc-v6.o
  CC      arch/arm/mm/cache-l2x0.o
  CC      arch/arm/kernel/armksyms.o
/tmp/ccgcfWMv.s: Assembler messages:
/tmp/ccgcfWMv.s:59: Warning: swp{b} use is deprecated for this architecture
  CC      mm/page-writeback.o
  CC      arch/arm/mach-msm/timer.o
  CC      arch/arm/kernel/module.o
  LD      arch/arm/mm/built-in.o
  CC      ipc/util.o
  CC      kernel/cpu.o
  CC      fs/file_table.o
  CC      security/commoncap.o
  CC      arch/arm/kernel/sys_oabi-compat.o
  CC      arch/arm/mach-msm/irq-vic.o
  CC      kernel/exit.o
  CC      ipc/msgutil.o
  CC      ipc/msg.o
  CC      fs/super.o
  AS      arch/arm/mach-msm/idle-v6.o
  CC      security/min_addr.o
  CC      arch/arm/mach-msm/smd.o
  CC      mm/readahead.o
  CC      arch/arm/kernel/io.o
  AS      arch/arm/kernel/head.o
  CC      ipc/sem.o
  CC      arch/arm/kernel/init_task.o
  LD      security/built-in.o
  CC      ipc/shm.o
  CC      kernel/itimer.o
  CC      mm/swap.o
  CC      fs/char_dev.o
  CC      ipc/ipcns_notifier.o
  LDS     arch/arm/kernel/vmlinux.lds
  LD      arch/arm/kernel/built-in.o
  CC      ipc/ipc_sysctl.o
  CC      arch/arm/mach-msm/smd_debug.o
  CC      arch/arm/mach-msm/remote_spinlock.o
  TIMEC   kernel/timeconst.h
  CC      fs/stat.o
  CC      kernel/softirq.o
/tmp/cc4IeMoj.s: Assembler messages:
/tmp/cc4IeMoj.s:41: Warning: swp{b} use is deprecated for this architecture
/tmp/cc4IeMoj.s:75: Warning: swp{b} use is deprecated for this architecture
  CC      crypto/api.o
  CC      block/elevator.o
  LD      ipc/built-in.o
  CC      crypto/cipher.o
  CC      crypto/compress.o
  CC      mm/truncate.o
  CC      arch/arm/mach-msm/socinfo.o
  CC      fs/exec.o
  CC      arch/arm/mach-msm/nand_partitions.o
  CC      mm/vmscan.o
  CC      mm/shmem.o
  CC      kernel/resource.o
  CC      crypto/algapi.o
  CC      crypto/scatterwalk.o
  CC      block/blk-core.o
  CC      arch/arm/mach-msm/pmic.o
  CC      arch/arm/mach-msm/rpc_hsusb.o
  CC      kernel/sysctl.o
  CC      crypto/proc.o
  CC      crypto/ablkcipher.o
  CC      arch/arm/mach-msm/rpc_pmapp.o
  CC      fs/pipe.o
  CC      fs/namei.o
  CC      mm/prio_tree.o
  CC      arch/arm/mach-msm/rpc_fsusb.o
  CC      block/blk-tag.o
  CC      crypto/blkcipher.o
  CC      mm/util.o
  CC      arch/arm/mach-msm/smd_tty.o
  CC      kernel/capability.o
  CC      kernel/ptrace.o
  CC      crypto/ahash.o
  CC      block/blk-sysfs.o
  CC      mm/mmzone.o
  CC      arch/arm/mach-msm/smd_qmi.o
  CC      arch/arm/mach-msm/smd_pkt.o
  CC      arch/arm/mach-msm/smd_nmea.o
  CC      mm/vmstat.o
  CC      kernel/timer.o
  CC      mm/backing-dev.o
  CC      crypto/shash.o
  CC      block/blk-barrier.o
  CC      mm/page_isolation.o
  CC      arch/arm/mach-msm/smd_rpcrouter.o
  CC      kernel/user.o
  CC      fs/fcntl.o
  CC      kernel/signal.o
  CC      block/blk-settings.o
  CC      arch/arm/mach-msm/smd_rpcrouter_device.o
  CC      mm/mm_init.o
  CC      arch/arm/mach-msm/smd_rpcrouter_servers.o
  CC      crypto/algboss.o
  CC      mm/mmu_context.o
  CC      fs/ioctl.o
  CC      mm/fremap.o
  CC      block/blk-ioc.o
  CC      block/blk-map.o
  CC      crypto/testmgr.o
  CC      crypto/crypto_wq.o
  CC      kernel/sys.o
  CC      mm/highmem.o
  CC      arch/arm/mach-msm/smd_rpcrouter_clients.o
  LD      drivers/auxdisplay/built-in.o
  CC      drivers/base/core.o
  CC      fs/readdir.o
  CC      block/blk-exec.o
  CC      mm/madvise.o
  CC      arch/arm/mach-msm/smd_rpcrouter_xdr.o
  CC      block/blk-merge.o
  CC      block/blk-softirq.o
  CC      fs/select.o
  CC      mm/memory.o
  CC      crypto/aead.o
  CC      drivers/base/sys.o
  CC      arch/arm/mach-msm/rpcrouter_smd_xprt.o
  CC      kernel/kmod.o
  CC      arch/arm/mach-msm/oem_rapi_client.o
  CC      block/blk-timeout.o
  CC      mm/mincore.o
  CC      drivers/base/bus.o
  LD      crypto/crypto_blkcipher.o
  CC      crypto/chainiv.o
  CC      arch/arm/mach-msm/rpc_server_dog_keepalive.o
  CC      fs/fifo.o
  CC      kernel/workqueue.o
  CC      block/blk-iopoll.o
  CC      kernel/pid.o
  CC      crypto/eseqiv.o
  CC      arch/arm/mach-msm/rpc_server_time_remote.o
  CC      fs/dcache.o
  CC      drivers/base/dd.o
  CC      block/ioctl.o
  CC      arch/arm/mach-msm/lge/lge_gpio_switch.o
  CC      arch/arm/mach-msm/qdsp5/adsp.o
  CC      mm/mlock.o
  LD      crypto/crypto_hash.o
  CC      crypto/pcompress.o
  CC      drivers/base/driver.o
  CC      kernel/rcupdate.o
  CC      arch/arm/mach-msm/lge/lge_handle_panic.o
  CC      block/genhd.o
  LD      crypto/cryptomgr.o
  CC      crypto/hmac.o
  CC      drivers/base/class.o
  CC      kernel/extable.o
arch/arm/mach-msm/lge/lge_handle_panic.c: In function 'copy_frame_buffer':
arch/arm/mach-msm/lge/lge_handle_panic.c:385:2: warning: passing argument 1 of 'lge_set_reboot_reason' makes integer from pointer without a cast [enabled by default]
arch/arm/mach-msm/include/mach/board_lge.h:334:6: note: expected 'unsigned int' but argument is of type 'void *'
  CC      mm/mmap.o
  CC      arch/arm/mach-msm/lge/lge_proc_comm.o
  CC      arch/arm/mach-msm/qdsp5/adsp_driver.o
  CC      crypto/md5.o
  CC      kernel/params.o
  CC      fs/inode.o
  CC      drivers/base/platform.o
  CC      arch/arm/mach-msm/lge/lge_ers.o
  CC      block/scsi_ioctl.o
  CC      crypto/sha1_generic.o
  CC      arch/arm/mach-msm/qdsp5/adsp_info.o
  CC      kernel/posix-timers.o
  CC      arch/arm/mach-msm/lge/board-thunderg.o
  CC      arch/arm/mach-msm/qdsp5/adsp_video_verify_cmd.o
  CC      drivers/base/cpu.o
  CC      crypto/ecb.o
  CC      mm/mprotect.o
  CC      block/noop-iosched.o
  CC      fs/attr.o
  CC      arch/arm/mach-msm/qdsp5/adsp_videoenc_verify_cmd.o
  CC      arch/arm/mach-msm/lge/board-thunderg-mmc.o
  CC      drivers/base/firmware.o
  CC      crypto/cbc.o
  CC      block/deadline-iosched.o
  CC      mm/mremap.o
  CC      kernel/kthread.o
  CC      drivers/base/init.o
  CC      arch/arm/mach-msm/qdsp5/adsp_jpeg_verify_cmd.o
  CC      fs/bad_inode.o
  CC      arch/arm/mach-msm/lge/board-thunderg-snd.o
  CC      crypto/des_generic.o
  CC      drivers/base/map.o
  CC      kernel/wait.o
  CC      arch/arm/mach-msm/qdsp5/adsp_jpeg_patch_event.o
  LD      block/built-in.o
  CC      arch/arm/mach-msm/qdsp5/adsp_vfe_verify_cmd.o
  CC      arch/arm/mach-msm/lge/board-thunderg-panel.o
  CC      mm/msync.o
  CC      fs/file.o
arch/arm/mach-msm/lge/board-thunderg-panel.c:61:2: warning: initialization from incompatible pointer type [enabled by default]
arch/arm/mach-msm/lge/board-thunderg-panel.c:61:2: warning: (near initialization for 'mddi_pdata.mddi_power_save') [enabled by default]
  CC      fs/filesystems.o
  CC      drivers/base/devres.o
  CC      arch/arm/mach-msm/qdsp5/adsp_vfe_patch_event.o
  CC      kernel/kfifo.o
  CC      arch/arm/mach-msm/lge/board-thunderg-bt.o
  CC      mm/rmap.o
  CC      arch/arm/mach-msm/lge/board-thunderg-camera.o
  CC      arch/arm/mach-msm/qdsp5/adsp_lpm_verify_cmd.o
  CC      crypto/twofish.o
  CC      drivers/base/attribute_container.o
  CC      kernel/sys_ni.o
  CC      fs/namespace.o
  CC      kernel/posix-cpu-timers.o
  CC      crypto/twofish_common.o
  CC      arch/arm/mach-msm/qdsp5/audio_out.o
  CC      drivers/base/transport_class.o
  CC      arch/arm/mach-msm/lge/board-thunderg-input.o
  CC      mm/vmalloc.o
arch/arm/mach-msm/lge/board-thunderg-input.c: In function 'thunderg_matrix_info_wrapper':
arch/arm/mach-msm/lge/board-thunderg-input.c:149:3: warning: passing argument 1 of 'gpio_event_matrix_func' from incompatible pointer type [enabled by default]
include/linux/gpio_event.h:74:12: note: expected 'struct gpio_event_input_devs *' but argument is of type 'struct input_dev *'
arch/arm/mach-msm/lge/board-thunderg-input.c: At top level:
arch/arm/mach-msm/lge/board-thunderg-input.c:166:2: warning: initialization from incompatible pointer type [enabled by default]
arch/arm/mach-msm/lge/board-thunderg-input.c:166:2: warning: (near initialization for 'thunder_keypad_matrix_info.info.func') [enabled by default]
  CC      arch/arm/mach-msm/lge/board-thunderg-misc.o
  CC      drivers/base/power/sysfs.o
  CC      drivers/base/dma-mapping.o
  CC      crypto/aes_generic.o
  CC      arch/arm/mach-msm/qdsp5/audio_in.o
  CC      drivers/base/power/main.o
  CC      kernel/mutex.o
  CC      arch/arm/mach-msm/lge/board-thunderg-pm.o
  CC      kernel/hrtimer.o
  CC      fs/seq_file.o
  CC      arch/arm/mach-msm/lge/lge_errorhandler.o
  CC      fs/xattr.o
  LD      drivers/base/power/built-in.o
  CC      drivers/base/dma-coherent.o
  CC      arch/arm/mach-msm/qdsp5/audio_mp3.o
  CC      mm/pagewalk.o
  CC      drivers/base/firmware_class.o
  CC      crypto/arc4.o
  CC      fs/libfs.o
  CC      arch/arm/mach-msm/lge/lge_temp.o
arch/arm/mach-msm/lge/lge_temp.c:26:1: warning: initialization from incompatible pointer type [enabled by default]
arch/arm/mach-msm/lge/lge_temp.c:26:1: warning: (near initialization for 'dev_attr_tolk.store') [enabled by default]
  CC      kernel/rwsem.o
  CC      mm/init-mm.o
  CC      mm/dmapool.o
  CC      crypto/deflate.o
  CC      arch/arm/mach-msm/lge/lge_mtd_direct_access.o
  CC      crypto/crc32c.o
arch/arm/mach-msm/lge/lge_mtd_direct_access.c:183:1: warning: initialization from incompatible pointer type [enabled by default]
arch/arm/mach-msm/lge/lge_mtd_direct_access.c:183:1: warning: (near initialization for '__param_read_block.set') [enabled by default]
  CC      kernel/nsproxy.o
  CC      drivers/base/module.o
  CC      kernel/srcu.o
  CC      mm/ashmem.o
  CC      crypto/authenc.o
  CC      fs/fs-writeback.o
  CC      arch/arm/mach-msm/lge/devices_lge.o
  LD      drivers/base/built-in.o
  CC      drivers/block/brd.o
  CC      drivers/bluetooth/hci_ldisc.o
  CC      arch/arm/mach-msm/qdsp5/audmgr.o
  CC      kernel/semaphore.o
  CC      arch/arm/mach-msm/lge/lge_ats.o
  CC      mm/slub.o
  CC      crypto/rng.o
  CC      kernel/notifier.o
  CC      arch/arm/mach-msm/qdsp5/audpp.o
  CC      fs/pnode.o
  CC      drivers/block/loop.o
  CC      arch/arm/mach-msm/lge/lge_ats_cmd.o
  CC      drivers/bluetooth/hci_h4.o
  CC      crypto/krng.o
  CC      fs/drop_caches.o
arch/arm/mach-msm/lge/lge_ats_cmd.c: In function 'wirte_flight_mode':
arch/arm/mach-msm/lge/lge_ats_cmd.c:32:10: warning: 'return' with a value, in function returning void [enabled by default]
  CC      kernel/ksysfs.o
  CC      arch/arm/mach-msm/lge/lge_ats_eta.o
  LD      crypto/crypto.o
  LD      crypto/crypto_algapi.o
  LD      crypto/built-in.o
  CC      arch/arm/mach-msm/lge/lge_ats_mmc.o
  CC      fs/splice.o
  CC      arch/arm/mach-msm/qdsp5/audrec.o
  CC      kernel/pm_qos_params.o
  CC      drivers/bluetooth/hci_bcsp.o
  LD      mm/built-in.o
  CC      arch/arm/mach-msm/qdsp5/audio_evrc.o
  CC      arch/arm/mach-msm/qdsp5/audio_qcelp.o
  CC      kernel/sched_clock.o
  LD      drivers/block/built-in.o
  CC      arch/arm/mach-msm/lge/lge_ats_event_log.o
  CC      sound/sound_core.o
  CC      kernel/cred.o
  CC      arch/arm/mach-msm/lge/lge_ats_flex.o
  CC      drivers/bluetooth/bluesleep.o
  CC      fs/sync.o
  CC      kernel/async.o
  CC      drivers/bluetooth/bluetooth-power.o
  CC      arch/arm/mach-msm/lge/lge_pwrsink.o
  CC      kernel/groups.o
  LD      drivers/bluetooth/hci_uart.o
  LD      drivers/bluetooth/msm_bt_sleep.o
  LD      drivers/bluetooth/built-in.o
  CC      fs/utimes.o
  LD      drivers/cdrom/built-in.o
  CC      drivers/char/mem.o
  LD      sound/arm/built-in.o
  LD      sound/atmel/built-in.o
  CC      sound/core/memalloc.o
  CC      fs/stack.o
  CC      kernel/freezer.o
  CC      drivers/char/random.o
  CC      fs/fs_struct.o
  CC      sound/core/pcm.o
  CC      kernel/irq/handle.o
  CC      kernel/irq/manage.o
  CC      fs/buffer.o
  LD      arch/arm/mach-msm/lge/built-in.o
  CC      fs/bio.o
  CC      arch/arm/mach-msm/qdsp5/audio_amrnb.o
  LD      sound/drivers/mpu401/built-in.o
  LD      sound/drivers/opl3/built-in.o
  LD      sound/drivers/opl4/built-in.o
  LD      sound/drivers/pcsp/built-in.o
  LD      sound/drivers/vx/built-in.o
  LD      sound/drivers/built-in.o
  CC      drivers/char/tty_io.o
  LD      sound/i2c/other/built-in.o
  LD      sound/i2c/built-in.o
  LD      sound/isa/ad1816a/built-in.o
  LD      sound/isa/ad1848/built-in.o
  LD      sound/isa/cs423x/built-in.o
  LD      sound/isa/es1688/built-in.o
  LD      sound/isa/gus/built-in.o
  CC      net/socket.o
  LD      sound/isa/msnd/built-in.o
  LD      sound/isa/opti9xx/built-in.o
  LD      sound/isa/sb/built-in.o
  LD      sound/isa/wavefront/built-in.o
  LD      sound/isa/wss/built-in.o
  LD      sound/isa/built-in.o
  CC      sound/core/pcm_native.o
  CC      kernel/irq/spurious.o
  LD      net/802/built-in.o
  CC      kernel/irq/resend.o
  LD      arch/arm/lib/built-in.o
  AS      arch/arm/lib/ashldi3.o
  AS      arch/arm/lib/ashrdi3.o
  AS      arch/arm/lib/backtrace.o
  AS      arch/arm/lib/changebit.o
  AS      arch/arm/lib/clear_user.o
  AS      arch/arm/lib/clearbit.o
  CC      kernel/irq/chip.o
  AS      arch/arm/lib/copy_from_user.o
  CC      kernel/power/main.o
  AS      arch/arm/lib/copy_page.o
  AS      arch/arm/lib/copy_to_user.o
  AS      arch/arm/lib/csumipv6.o
  CC      arch/arm/mach-msm/qdsp5/audio_aac.o
  AS      arch/arm/lib/csumpartial.o
  AS      arch/arm/lib/csumpartialcopy.o
  AS      arch/arm/lib/csumpartialcopyuser.o
  AS      arch/arm/lib/delay.o
  AS      arch/arm/lib/div64.o
  AS      arch/arm/lib/findbit.o
  AS      arch/arm/lib/getuser.o
  AS      arch/arm/lib/io-readsb.o
  CC      kernel/power/console.o
  AS      arch/arm/lib/io-readsl.o
  AS      arch/arm/lib/io-readsw-armv4.o
  AS      arch/arm/lib/io-writesb.o
  AS      arch/arm/lib/io-writesl.o
  CC      drivers/char/n_tty.o
  AS      arch/arm/lib/io-writesw-armv4.o
  AS      arch/arm/lib/lib1funcs.o
  CC      kernel/irq/devres.o
  CC      net/bluetooth/af_bluetooth.o
  AS      arch/arm/lib/lshrdi3.o
  AS      arch/arm/lib/memchr.o
  AS      arch/arm/lib/memcpy.o
  AS      arch/arm/lib/memmove.o
  CC      fs/block_dev.o
  AS      arch/arm/lib/memset.o
  AS      arch/arm/lib/memzero.o
  AS      arch/arm/lib/muldi3.o
  CC      kernel/power/process.o
  AS      arch/arm/lib/putuser.o
  AS      arch/arm/lib/setbit.o
  AS      arch/arm/lib/sha1.o
  CC      kernel/irq/autoprobe.o
  AS      arch/arm/lib/strchr.o
  AS      arch/arm/lib/strncpy_from_user.o
  AS      arch/arm/lib/strnlen_user.o
  AS      arch/arm/lib/strrchr.o
  AS      arch/arm/lib/testchangebit.o
  AS      arch/arm/lib/testclearbit.o
  AS      arch/arm/lib/testsetbit.o
  AS      arch/arm/lib/ucmpdi2.o
  AR      arch/arm/lib/lib.a
  CC      kernel/power/suspend.o
  CC      net/bluetooth/hci_core.o
  CC      arch/arm/mach-msm/qdsp5/audio_amrnb_in.o
  CC      kernel/time/timekeeping.o
  CC      sound/core/pcm_lib.o
  CC      kernel/irq/proc.o
  CC      kernel/power/wakelock.o
  CC      fs/direct-io.o
  CC      kernel/irq/pm.o
  CC      drivers/char/tty_ioctl.o
  CC      arch/arm/mach-msm/qdsp5/audio_wma.o
  CC      kernel/time/ntp.o
  LD      kernel/irq/built-in.o
  CC      arch/arm/mach-msm/qdsp5/audio_voicememo.o
  CC      kernel/power/userwakelock.o
  CC      drivers/char/tty_ldisc.o
  CC      net/bluetooth/hci_conn.o
  CC      kernel/time/clocksource.o
  CC      fs/mpage.o
  CC      sound/core/pcm_timer.o
  CC      kernel/power/earlysuspend.o
  CC      sound/core/pcm_misc.o
  CC      arch/arm/mach-msm/qdsp5/audio_pcm.o
  CC      kernel/time/jiffies.o
  CC      arch/arm/mach-msm/qdsp5/audio_amrwb.o
  CC      drivers/char/tty_buffer.o
  CC      kernel/power/consoleearlysuspend.o
  CC      kernel/time/timer_list.o
  CC      fs/ioprio.o
  CC      sound/core/pcm_memory.o
  CC      net/bluetooth/hci_event.o
  LD      kernel/power/built-in.o
  CC      sound/core/timer.o
  CC      drivers/char/tty_port.o
  CC      kernel/time/timecompare.o
  CC      drivers/char/pty.o
  LD      fs/cifs/built-in.o
  CC [M]  fs/cifs/cifsfs.o
  CC [M]  fs/cifs/cifssmb.o
  CC      kernel/time/timeconv.o
  CC      arch/arm/mach-msm/qdsp5/audio_wmapro.o
  CC      arch/arm/mach-msm/qdsp5/snd.o
  CC      drivers/char/misc.o
  CC      kernel/time/clockevents.o
  CC      arch/arm/mach-msm/qdsp5/snd_adie.o
  CC      drivers/char/vt_ioctl.o
  CC      sound/core/sound.o
  CC      kernel/time/tick-common.o
  CC      net/bluetooth/hci_sock.o
  CC      net/bluetooth/hci_sysfs.o
  CC      kernel/time/tick-oneshot.o
  LD      arch/arm/mach-msm/qdsp5/built-in.o
  CC      arch/arm/mach-msm/rpc_server_handset.o
  CC      sound/core/init.o
  CC      lib/bcd.o
  CC      kernel/time/tick-sched.o
  CC      lib/div64.o
  CC      lib/sort.o
  CC      net/bluetooth/lib.o
  CC      drivers/char/vc_screen.o
  CC      arch/arm/mach-msm/pm2.o
  CC      drivers/char/selection.o
  CC      lib/parser.o
  CC      sound/core/memory.o
  LD      kernel/time/built-in.o
  CC      kernel/futex.o
  CC      net/bluetooth/l2cap.o
  CC [M]  fs/cifs/cifs_debug.o
  CC [M]  fs/cifs/connect.o
  CC      lib/halfmd4.o
  CC      sound/core/info.o
  CC      drivers/char/keyboard.o
  CC      lib/debug_locks.o
  CC      arch/arm/mach-msm/devices-msm7x27.o
  CC      lib/random32.o
  CC      drivers/char/consolemap.o
  CC      sound/core/control.o
  CC      arch/arm/mach-msm/rmt_storage_client.o
  CC      lib/bust_spinlocks.o
  CC      kernel/rtmutex.o
  CC      lib/hexdump.o
  CC      fs/devpts/inode.o
  CONMK   drivers/char/consolemap_deftbl.c
  CC      drivers/char/vt.o
  CC      lib/kasprintf.o
  CC      arch/arm/mach-msm/gpio.o
  CC      lib/bitmap.o
  CC      kernel/up.o
  CC [M]  fs/cifs/dir.o
  LD      fs/devpts/devpts.o
  LD      fs/devpts/built-in.o
  CC      kernel/module.o
  CC      sound/core/misc.o
  CC      sound/core/device.o
  CC      arch/arm/mach-msm/generic_gpio.o
  CC      kernel/rcutree.o
  CC      lib/scatterlist.o
  CC      sound/core/jack.o
  CC      net/bluetooth/sco.o
  CC [M]  fs/cifs/file.o
  CC      arch/arm/mach-msm/tlmm-msm7200a.o
  CC      lib/string_helpers.o
  LD      sound/core/snd.o
  LD      sound/core/snd-timer.o
  LD      sound/core/snd-pcm.o
  LD      sound/core/snd-page-alloc.o
  LD      sound/core/built-in.o
  LD      sound/mips/built-in.o
  LD      sound/parisc/built-in.o
  LD      sound/pci/ac97/built-in.o
  LD      sound/pci/ali5451/built-in.o
  LD      sound/pci/au88x0/built-in.o
  LD      sound/pci/aw2/built-in.o
  LD      sound/pci/ca0106/built-in.o
  SHIPPED drivers/char/defkeymap.c
  CC      kernel/utsname_sysctl.o
  LD      sound/pci/cs46xx/built-in.o
  CC      drivers/char/diag/diagchar_core.o
  LD      arch/arm/mach-msm/built-in.o
  LD      sound/pci/cs5535audio/built-in.o
  LD      sound/pci/ctxfi/built-in.o
  LD      sound/pci/echoaudio/built-in.o
  LD      sound/pci/emu10k1/built-in.o
  LD      sound/pci/hda/built-in.o
  LD      drivers/clocksource/built-in.o
  LD      sound/pci/ice1712/built-in.o
  LD      sound/pci/korg1212/built-in.o
  CC      drivers/cpufreq/cpufreq.o
  LD      sound/pci/lx6464es/built-in.o
  LD      sound/pci/mixart/built-in.o
  LD      sound/pci/nm256/built-in.o
  LD      sound/pci/oxygen/built-in.o
  LD      sound/pci/pcxhr/built-in.o
  LD      sound/pci/riptide/built-in.o
  LD      sound/pci/rme9652/built-in.o
  LD      sound/pci/trident/built-in.o
  LD      sound/pci/vx222/built-in.o
  LD      sound/pci/ymfpci/built-in.o
  CC      lib/gcd.o
  LD      sound/pci/built-in.o
  LD      sound/pcmcia/pdaudiocf/built-in.o
  LD      sound/pcmcia/vx/built-in.o
  LD      sound/pcmcia/built-in.o
  LD      sound/ppc/built-in.o
  LD      sound/sh/built-in.o
  CC      sound/soc/soc-core.o
  CC      kernel/slow-work.o
  CC      lib/iomap_copy.o
  CC      fs/ext2/balloc.o
  CC      net/bluetooth/bnep/core.o
  CC      lib/devres.o
  CC      drivers/char/diag/diagchar_hdlc.o
  CC [M]  fs/cifs/inode.o
  CC      drivers/cpufreq/cpufreq_performance.o
  CC      kernel/time.o
  CC      lib/find_last_bit.o
  CC      drivers/char/diag/diagfwd.o
  CC      fs/ext2/dir.o
  CC      drivers/cpufreq/cpufreq_powersave.o
  CC      net/bluetooth/bnep/sock.o
  CC      lib/hweight.o
  CC      sound/soc/soc-dapm.o
  CC      drivers/cpufreq/cpufreq_userspace.o
  LD      kernel/built-in.o
  CC      net/bluetooth/bnep/netdev.o
  CC      lib/kernel_lock.o
  CC      drivers/char/diag/diagmem.o
  CC      lib/bitrev.o
  CC      fs/ext2/file.o
  CC      drivers/cpufreq/cpufreq_ondemand.o
  CC      fs/ext2/ialloc.o
  LD      drivers/char/diag/diagchar.o
  LD      drivers/char/diag/built-in.o
  CC      drivers/char/consolemap_deftbl.o
  CC [M]  fs/cifs/link.o
  CC      drivers/char/defkeymap.o
  CC      lib/crc-ccitt.o
  LD      drivers/char/built-in.o
  LD      net/bluetooth/bnep/bnep.o
  CC [M]  fs/cifs/misc.o
  CC      drivers/cpufreq/cpufreq_conservative.o
  LD      net/bluetooth/bnep/built-in.o
  CC      net/bluetooth/hidp/core.o
  CC      lib/crc16.o
  CC      sound/soc/soc-jack.o
sound/soc/soc-jack.c:1:2: warning: #warning compile out [-Wcpp]
  CC      sound/soc/soc-cache.o
  CC      net/bluetooth/hidp/sock.o
  CC      fs/ext2/inode.o
  LD      drivers/crypto/built-in.o
  HOSTCC  lib/gen_crc32table
  CC [M]  fs/cifs/netmisc.o
  CC      drivers/cpufreq/cpufreq_smartass.o
  CC      lib/libcrc32c.o
  CC      lib/genalloc.o
  LD      sound/soc/atmel/built-in.o
  LD      sound/soc/au1x/built-in.o
  LD      sound/soc/blackfin/built-in.o
  LD      sound/soc/codecs/built-in.o
  LD      sound/soc/davinci/built-in.o
  LD      sound/soc/fsl/built-in.o
  LD      sound/soc/imx/built-in.o
  CC      net/bluetooth/rfcomm/core.o
  CC      sound/soc/msm/msm-dai.o
  CC      sound/soc/msm/msm-pcm.o
  LD      net/bluetooth/hidp/hidp.o
  LD      net/bluetooth/hidp/built-in.o
  CC      fs/ext2/ioctl.o
  CC      drivers/cpufreq/cpufreq_interactive.o
  CC      lib/zlib_deflate/deflate.o
  CC [M]  fs/cifs/smbdes.o
  CC      lib/zlib_deflate/deftree.o
  CC      lib/zlib_inflate/inffast.o
  CC      fs/ext2/namei.o
  CC      drivers/cpufreq/cpufreq_interactivex.o
  CC      lib/zlib_inflate/inflate.o
  CC [M]  fs/cifs/smbencrypt.o
  CC      sound/soc/msm/msm7k-pcm.o
  CC      sound/soc/msm/msm7201.o
  CC      drivers/cpufreq/cpufreq_savagedzen.o
  CC      fs/ext2/super.o
  CC      lib/zlib_deflate/deflate_syms.o
  CC      lib/zlib_inflate/infutil.o
  CC      net/bluetooth/rfcomm/sock.o
  CC [M]  fs/cifs/transport.o
  LD      net/bluetooth/bluetooth.o
  CC [M]  fs/cifs/asn1.o
  LD      lib/zlib_deflate/zlib_deflate.o
  LD      lib/zlib_deflate/built-in.o
  CC [M]  fs/cifs/md4.o
  LD      sound/soc/msm/snd-soc-msm-dai.o
  LD      sound/soc/msm/snd-soc-msm.o
  LD      sound/soc/msm/snd-soc-msm7k.o
  LD      sound/soc/msm/built-in.o
  LD      sound/soc/omap/built-in.o
  LD      sound/soc/pxa/built-in.o
  LD      sound/soc/s3c24xx/built-in.o
  LD      sound/soc/s6000/built-in.o
  LD      sound/soc/sh/built-in.o
  CC      lib/zlib_inflate/inftrees.o
  LD      sound/soc/txx9/built-in.o
  CC      drivers/cpufreq/cpufreq_smoothass.o
  LD      sound/soc/snd-soc-core.o
  LD      sound/soc/built-in.o
  LD      sound/sparc/built-in.o
  LD      sound/spi/built-in.o
  LD      sound/synth/built-in.o
  LD      sound/usb/caiaq/built-in.o
  LD      sound/usb/usx2y/built-in.o
  LD      sound/usb/built-in.o
  CC      sound/last.o
  CC      lib/zlib_inflate/inflate_syms.o
  CC      fs/ext2/symlink.o
  LD      lib/zlib_inflate/zlib_inflate.o
  LD      lib/zlib_inflate/built-in.o
  CC      lib/textsearch.o
  CC      fs/ext2/xattr.o
  CC [M]  fs/cifs/md5.o
  CC      drivers/cpufreq/cpufreq_scary.o
  CC      net/bluetooth/rfcomm/tty.o
  CC [M]  fs/cifs/cifs_unicode.o
  CC      fs/ext3/balloc.o
  CC      lib/ts_kmp.o
  CC      fs/ext2/xattr_user.o
  CC      fs/ext2/xattr_trusted.o
  CC      drivers/cpufreq/cpufreq_minmax.o
  CC      lib/ts_bm.o
  LD      sound/soundcore.o
  LD      sound/built-in.o
  CC      lib/ts_fsm.o
  CC [M]  fs/cifs/nterr.o
  CC [M]  fs/cifs/xattr.o
  CC      net/core/sock.o
  LD      fs/ext2/ext2.o
  LD      fs/ext2/built-in.o
  CC      net/core/request_sock.o
  CC      net/ethernet/eth.o
  CC      drivers/cpufreq/freq_table.o
  LD      net/bluetooth/rfcomm/rfcomm.o
  LD      net/bluetooth/rfcomm/built-in.o
  LD      net/bluetooth/built-in.o
  CC      fs/ext3/bitmap.o
  CC      net/core/skbuff.o
  CC      lib/nlattr.o
  LD      drivers/cpufreq/built-in.o
  LD      drivers/firmware/built-in.o
  LD      drivers/gpio/built-in.o
  LD      drivers/gpu/drm/built-in.o
  CC [M]  fs/cifs/cifsencrypt.o
  CC      drivers/gpu/msm/kgsl_drawctxt.o
  CC      fs/ext3/dir.o
  LD      net/ethernet/built-in.o
  CC      drivers/gpu/msm/kgsl_cmdstream.o
  CC      drivers/gpu/msm/kgsl.o
  CC      lib/argv_split.o
  CC      lib/cmdline.o
  CC [M]  fs/cifs/readdir.o
  CC [M]  fs/cifs/ioctl.o
  CC      drivers/gpu/msm/kgsl_log.o
  CC      fs/ext3/file.o
  CC      lib/ctype.o
  CC      drivers/gpu/msm/kgsl_mmu.o
  LD      drivers/gpu/vga/built-in.o
  CC      drivers/gpu/msm/kgsl_ringbuffer.o
  CC      fs/ext3/fsync.o
  CC      lib/dec_and_lock.o
  CC      drivers/gpu/msm/kgsl_sharedmem.o
  CC      lib/decompress.o
  CC      net/core/iovec.o
  CC      lib/decompress_inflate.o
  CC      drivers/gpu/msm/kgsl_yamato.o
  CC [M]  fs/cifs/sess.o
  CC      fs/ext3/ialloc.o
  CC      fs/ext3/inode.o
  CC      fs/ext3/ioctl.o
  CC      fs/ext3/namei.o
  CC      lib/dump_stack.o
  CC      net/core/datagram.o
  CC      lib/extable.o
  CC      lib/flex_array.o
  CC [M]  fs/cifs/export.o
  CC [M]  fs/cifs/cifsacl.o
  CC      drivers/gpu/msm/kgsl_g12_drawctxt.o
  LD      net/ieee802154/built-in.o
  CC      net/core/stream.o
  CC      lib/idr.o
  CC      drivers/gpu/msm/kgsl_g12_cmdwindow.o
  CC      net/ipv4/route.o
  LD [M]  fs/cifs/cifs.o
  CC      net/ipv6/af_inet6.o
  CC      net/ipv6/anycast.o
  CC      net/ipv6/ip6_output.o
  CC      drivers/gpu/msm/kgsl_g12_cmdstream.o
  CC      net/core/scm.o
  CC      fs/ext3/super.o
  CC      lib/int_sqrt.o
  CC      drivers/gpu/msm/kgsl_g12.o
  CC      lib/ioremap.o
  CC      lib/irq_regs.o
  CC      net/core/gen_stats.o
  CC      net/core/gen_estimator.o
  CC      net/key/af_key.o
  CC      lib/is_single_threaded.o
  LD      drivers/gpu/msm/msm_kgsl.o
  LD      drivers/gpu/msm/built-in.o
  LD      drivers/gpu/built-in.o
  CC      drivers/hid/hid-core.o
  CC      lib/klist.o
  CC      fs/ext3/symlink.o
  CC      net/netfilter/core.o
  CC      net/core/net_namespace.o
  CC      net/ipv6/ip6_input.o
  CC      net/ipv4/inetpeer.o
  CC      fs/ext3/hash.o
  CC      lib/kobject.o
  CC      net/core/sysctl_net_core.o
  CC      net/netfilter/nf_log.o
  CC      drivers/hid/hid-input.o
  CC      fs/ext3/resize.o
  CC      net/ipv6/addrconf.o
  CC      net/ipv4/protocol.o
  CC      lib/kobject_uevent.o
  CC      net/core/skb_dma_map.o
  CC      net/netfilter/nf_queue.o
  CC      net/ipv4/ip_input.o
  CC      lib/kref.o
  LD      net/key/built-in.o
  CC      lib/plist.o
  CC      net/core/dev.o
  CC      net/ipv6/addrlabel.o
  CC      fs/ext3/ext3_jbd.o
  CC      lib/prio_heap.o
  CC      net/netfilter/nf_sockopt.o
  CC      fs/ext3/xattr.o
  CC      lib/prio_tree.o
  CC      net/ipv4/ip_fragment.o
  LD      drivers/hid/hid.o
  LD      drivers/hid/built-in.o
  CC      drivers/i2c/i2c-boardinfo.o
  CC      drivers/i2c/i2c-core.o
  CC      net/netfilter/nf_conntrack_core.o
  CC      lib/proportions.o
  CC      net/ipv6/route.o
  CC      net/ipv4/ip_forward.o
  CC      fs/ext3/xattr_user.o
  CC      lib/radix-tree.o
  CC      lib/ratelimit.o
  CC      net/netfilter/nf_conntrack_standalone.o
  CC      drivers/i2c/i2c-dev.o
  CC      fs/ext3/xattr_trusted.o
  CC      lib/rbtree.o
  CC      net/ipv4/ip_options.o
  CC      net/ipv4/ip_output.o
  LD      fs/ext3/ext3.o
  LD      fs/ext3/built-in.o
  CC      fs/ext4/balloc.o
  CC      net/netfilter/nf_conntrack_expect.o
  CC      lib/reciprocal_div.o
  CC      net/core/ethtool.o
  CC      drivers/i2c/algos/i2c-algo-bit.o
  CC      lib/rwsem-spinlock.o
  CC      net/ipv6/ip6_fib.o
  CC      net/ipv6/ipv6_sockglue.o
  CC      lib/sha1.o
  LD      drivers/i2c/algos/built-in.o
  CC      drivers/i2c/busses/i2c-gpio.o
  CC      fs/ext4/bitmap.o
  CC      lib/show_mem.o
  CC      net/netfilter/nf_conntrack_helper.o
  CC      net/core/dev_mcast.o
  CC      drivers/i2c/busses/i2c-msm.o
  CC      lib/string.o
  CC      net/ipv4/ip_sockglue.o
  CC      net/ipv4/inet_hashtables.o
  CC      fs/ext4/dir.o
  CC      net/ipv6/ndisc.o
/tmp/ccoEues0.s: Assembler messages:
/tmp/ccoEues0.s:830: Warning: swp{b} use is deprecated for this architecture
/tmp/ccoEues0.s:1102: Warning: swp{b} use is deprecated for this architecture
  CC      net/netfilter/nf_conntrack_proto.o
  CC      net/core/dst.o
  CC      lib/vsprintf.o
  LD      drivers/i2c/busses/built-in.o
  LD      drivers/i2c/chips/built-in.o
  LD      drivers/i2c/built-in.o
  LD      drivers/idle/built-in.o
  LD      drivers/ieee1394/built-in.o
  LD      drivers/ieee802154/built-in.o
  CC      drivers/input/input.o
  CC      fs/ext4/file.o
  CC      fs/ext4/fsync.o
  CC      net/core/netevent.o
  CC      net/netfilter/nf_conntrack_l3proto_generic.o
  CC      net/ipv4/inet_timewait_sock.o
  CC      net/netfilter/nf_conntrack_proto_generic.o
  CC      fs/ext4/ialloc.o
  CC      net/core/neighbour.o
  CC      net/ipv6/udp.o
  GEN     lib/crc32table.h
  AR      lib/lib.a
  CC      net/core/rtnetlink.o
  CC      lib/crc32.o
  CC      net/netfilter/nf_conntrack_proto_tcp.o
  CC      drivers/input/input-compat.o
  CC      net/ipv4/inet_connection_sock.o
  LD      lib/built-in.o
  CC      net/ipv4/tcp.o
  CC      drivers/input/ff-core.o
  CC      fs/ext4/inode.o
  CC      drivers/input/evdev.o
  CC      net/netfilter/nf_conntrack_proto_udp.o
  CC      net/netfilter/nf_conntrack_extend.o
  CC      net/netfilter/nf_conntrack_acct.o
  CC      net/ipv6/udplite.o
  CC      net/core/utils.o
  CC      net/ipv6/raw.o
  CC      net/ipv4/tcp_input.o
  CC      net/netfilter/nf_conntrack_ecache.o
  CC      drivers/input/keyboard/atcmd_virtual_kbd.o
  CC      drivers/input/serio/serio.o
  LD      drivers/input/keyboard/built-in.o
  CC      drivers/input/misc/gpio_event.o
  CC      net/core/link_watch.o
  CC      net/netfilter/nf_conntrack_h323_main.o
  CC      drivers/input/misc/gpio_matrix.o
  CC      net/netlink/af_netlink.o
  CC      drivers/input/serio/serport.o
  CC      net/ipv6/protocol.o
  CC      net/core/filter.o
  CC      drivers/input/misc/gpio_input.o
drivers/input/misc/gpio_input.c:1:2: warning: #warning compile out [-Wcpp]
  CC      drivers/input/misc/gpio_output.o
drivers/input/misc/gpio_output.c:1:2: warning: #warning compile out [-Wcpp]
  CC      drivers/input/misc/gpio_axis.o
drivers/input/misc/gpio_axis.c:1:2: warning: #warning compile out [-Wcpp]
  CC      drivers/input/misc/keychord.o
  CC      fs/ext4/ioctl.o
  CC      drivers/input/serio/libps2.o
  CC      net/ipv6/icmp.o
  CC      net/netfilter/nf_conntrack_h323_asn1.o
  CC      net/core/flow.o
  CC      drivers/input/misc/uinput.o
  CC      fs/ext4/namei.o
  LD      drivers/input/serio/built-in.o
  CC      drivers/leds/led-core.o
  CC      net/netfilter/nfnetlink.o
  CC      drivers/leds/led-class.o
  CC      net/netlink/genetlink.o
  CC      net/core/net-sysfs.o
  CC      net/ipv6/mcast.o
  LD      drivers/input/misc/built-in.o
  CC      drivers/input/sensor/gp2ap002.o
  CC      drivers/leds/leds-cpld.o
  CC      net/ipv4/tcp_output.o
  CC      net/netfilter/nfnetlink_queue.o
  CC      drivers/leds/leds-msm-pmic.o
  LD      net/core/built-in.o
  LD      net/netlink/built-in.o
  CC      net/ipv4/tcp_timer.o
  CC      net/packet/af_packet.o
  CC      fs/ext4/super.o
  CC      drivers/input/sensor/kr3dm.o
  LD      drivers/leds/built-in.o
  CC      drivers/input/sensor/kr3dh.o
  LD      net/netfilter/nf_conntrack.o
  CC      net/netfilter/nf_conntrack_proto_dccp.o
  CC      fs/fat/cache.o
  CC      drivers/input/sensor/ami304.o
  CC      net/netfilter/nf_conntrack_proto_gre.o
  CC      net/ipv4/tcp_ipv4.o
  CC      fs/fat/dir.o
  CC      net/ipv4/tcp_minisocks.o
  CC      net/ipv6/reassembly.o
  LD      net/packet/built-in.o
  CC      net/netfilter/nf_conntrack_proto_sctp.o
  CC      fs/fat/fatent.o
  LD      drivers/input/sensor/built-in.o
  CC      drivers/input/touchscreen/mcs6000_ts.o
  CC      fs/fat/file.o
  CC      fs/ext4/symlink.o
  LD      drivers/input/touchscreen/built-in.o
  CC      drivers/input/keyreset.o
  CC      net/netfilter/nf_conntrack_proto_udplite.o
  CC      net/netfilter/nf_conntrack_netlink.o
  CC      net/netfilter/nf_conntrack_amanda.o
  CC      net/ipv6/tcp_ipv6.o
  CC      net/ipv4/tcp_cong.o
  CC      fs/ext4/hash.o
  CC      fs/fat/inode.o
  CC      fs/fat/misc.o
  CC      fs/fat/namei_vfat.o
  CC      fs/ext4/resize.o
  CC      net/ipv4/datagram.o
  CC      fs/ext4/extents.o
  CC      net/ipv6/exthdrs.o
  LD      drivers/input/input-core.o
  LD      drivers/input/built-in.o
  LD      drivers/lguest/built-in.o
  CC      net/netfilter/nf_conntrack_ftp.o
  LD      drivers/macintosh/built-in.o
  CC      drivers/md/dm-uevent.o
  CC      net/ipv4/raw.o
  CC      fs/ext4/ext4_jbd2.o
  CC      fs/jbd/transaction.o
  LD      fs/fat/fat.o
  LD      fs/fat/vfat.o
  LD      fs/fat/built-in.o
  CC      fs/ext4/migrate.o
  CC      drivers/md/dm.o
  CC      net/ipv6/datagram.o
  CC      fs/ext4/mballoc.o
  LD      net/netfilter/nf_conntrack_h323.o
  CC      net/netfilter/nf_conntrack_irc.o
  CC      drivers/md/dm-table.o
  CC      net/ipv4/udp.o
  CC      fs/jbd/commit.o
  CC      fs/jbd/recovery.o
  CC      net/netfilter/nf_conntrack_netbios_ns.o
  CC      net/ipv6/ip6_flowlabel.o
  CC      fs/ext4/block_validity.o
  CC      drivers/md/dm-target.o
  CC      fs/ext4/move_extent.o
  CC      fs/jbd/checkpoint.o
  CC      net/netfilter/nf_conntrack_pptp.o
  CC      fs/jbd/revoke.o
  CC      drivers/md/dm-linear.o
  CC      net/ipv6/inet6_connection_sock.o
  CC      net/ipv4/udplite.o
  CC      net/ipv6/sysctl_net_ipv6.o
  CC      net/netfilter/nf_conntrack_sane.o
  CC      fs/jbd/journal.o
  CC      drivers/md/dm-stripe.o
  CC      net/ipv4/arp.o
  CC      fs/ext4/xattr.o
  CC      fs/jbd2/transaction.o
  CC      fs/lockd/clntlock.o
  CC      net/ipv6/xfrm6_policy.o
  CC      net/netfilter/nf_conntrack_sip.o
  CC      drivers/md/dm-ioctl.o
  CC      fs/lockd/clntproc.o
  CC      net/ipv6/xfrm6_state.o
  LD      fs/jbd/jbd.o
  LD      fs/jbd/built-in.o
  CC      fs/lockd/host.o
  CC      net/ipv4/icmp.o
  CC      fs/ext4/xattr_user.o
  CC      fs/jbd2/commit.o
  CC      drivers/md/dm-io.o
  CC      net/netfilter/nf_conntrack_tftp.o
  CC      fs/ext4/xattr_trusted.o
  CC      net/ipv6/xfrm6_input.o
  CC      fs/jbd2/recovery.o
  CC      fs/lockd/svc.o
  CC      net/ipv4/devinet.o
  LD      fs/ext4/ext4.o
  LD      fs/ext4/built-in.o
  CC      fs/jbd2/checkpoint.o
  CC      drivers/md/dm-kcopyd.o
  CC      net/netfilter/x_tables.o
  CC      net/ipv6/xfrm6_output.o
  CC      net/ipv6/netfilter.o
  CC      net/ipv6/proc.o
  CC      fs/lockd/svclock.o
  CC      fs/lockd/svcshare.o
  CC      drivers/md/dm-sysfs.o
  CC      fs/jbd2/revoke.o
  CC      fs/jbd2/journal.o
  LD      net/ipv6/netfilter/built-in.o
  CC      net/ipv6/addrconf_core.o
  CC      net/netfilter/xt_tcpudp.o
  CC      drivers/md/dm-crypt.o
  CC      fs/lockd/svcproc.o
  CC      net/ipv4/af_inet.o
  LD      drivers/md/dm-mod.o
  CC      fs/lockd/svcsubs.o
  CC      fs/lockd/mon.o
  CC      net/ipv6/exthdrs_core.o
  CC      net/netfilter/xt_CLASSIFY.o
  CC      net/netfilter/xt_CONNMARK.o
  CC      fs/nfs/client.o
  CC      net/ipv6/inet6_hashtables.o
  CC      fs/lockd/xdr.o
  CC      net/ipv4/igmp.o
  LD      drivers/md/built-in.o
  LD      fs/jbd2/jbd2.o
  LD      fs/jbd2/built-in.o
  CC      net/ipv4/fib_frontend.o
  CC      drivers/media/common/tuners/tuner-xc2028.o
  CC      net/netfilter/xt_MARK.o
  CC      drivers/media/common/tuners/tuner-simple.o
  LD      net/ipv6/ipv6.o
  LD      net/ipv6/built-in.o
  CC      drivers/media/common/tuners/tuner-types.o
  CC      net/netfilter/xt_NFQUEUE.o
  CC      fs/lockd/grace.o
  LD      fs/nfs_common/built-in.o
  LD      drivers/media/radio/built-in.o
  CC      net/netfilter/xt_comment.o
  CC      fs/nfs/dir.o
  CC      fs/nfs/file.o
  LD      drivers/mfd/built-in.o
  CC      fs/nfs/getroot.o
  CC      fs/lockd/xdr4.o
  CC      drivers/media/common/tuners/mt20xx.o
  CC      net/ipv4/fib_semantics.o
  CC      drivers/media/common/tuners/tda8290.o
  CC      net/netfilter/xt_connlimit.o
  CC      drivers/media/common/tuners/tea5767.o
  CC      fs/nfs/inode.o
  CC      drivers/media/common/tuners/tea5761.o
  CC      fs/lockd/svc4proc.o
  CC      net/netfilter/xt_connmark.o
  CC      net/ipv4/inet_fragment.o
  CC      net/ipv4/sysctl_net_ipv4.o
  CC      drivers/media/common/tuners/tda9887.o
  CC      net/netfilter/xt_conntrack.o
  CC      net/netfilter/xt_hashlimit.o
  CC      fs/nfs/super.o
  CC      fs/nfs/nfs2xdr.o
  LD      fs/lockd/lockd.o
  LD      fs/lockd/built-in.o
  CC      net/ipv4/sysfs_net_ipv4.o
  CC      drivers/misc/pmem.o
  CC      drivers/media/common/tuners/xc5000.o
  CC      net/ipv4/fib_hash.o
  CC      net/ipv4/proc.o
  CC      net/netfilter/xt_helper.o
  CC      drivers/media/common/tuners/mc44s803.o
  CC      net/ipv4/ah4.o
  CC      fs/nfs/direct.o
  CC      net/ipv4/esp4.o
  CC      net/netfilter/xt_hl.o
  LD      drivers/media/common/tuners/built-in.o
  LD      drivers/media/common/built-in.o
  CC      fs/nfs/pagelist.o
  CC      drivers/media/video/v4l2-dev.o
  CC      net/ipv4/ipcomp.o
  CC      drivers/misc/uid_stat.o
  CC      net/ipv4/xfrm4_tunnel.o
  CC      net/netfilter/xt_iprange.o
  CC      drivers/media/video/v4l2-ioctl.o
  CC      net/ipv4/xfrm4_mode_beet.o
  LD      drivers/misc/cb710/built-in.o
  LD      drivers/misc/eeprom/built-in.o
  CC      drivers/misc/android_vibrator.o
  CC      fs/nfs/proc.o
  CC      net/ipv4/inet_lro.o
  CC      fs/nfs/read.o
  CC      net/ipv4/tunnel4.o
  CC      net/netfilter/xt_length.o
  CC      drivers/misc/lge_ats_at_class.o
  CC      net/netfilter/xt_limit.o
  CC      drivers/media/video/v4l2-device.o
  CC      net/netfilter/xt_mac.o
  CC      net/ipv4/xfrm4_mode_transport.o
  CC      fs/nls/nls_base.o
  CC      drivers/misc/lge_ats_at.o
  CC      fs/nfs/symlink.o
  CC      net/rfkill/core.o
drivers/misc/lge_ats_at.c: In function 'atcmd_probe':
drivers/misc/lge_ats_at.c:49:24: warning: assignment discards 'const' qualifier from pointer target type [enabled by default]
  CC      fs/notify/fsnotify.o
  CC      drivers/media/video/v4l2-int-device.o
  LD      drivers/misc/built-in.o
  CC      fs/partitions/check.o
  CC      fs/nls/nls_cp437.o
  CC      net/netfilter/xt_mark.o
  CC      net/ipv4/xfrm4_mode_tunnel.o
  CC      fs/notify/notification.o
  CC      fs/nfs/unlink.o
  CC      drivers/media/video/v4l2-common.o
  CC      fs/nls/nls_ascii.o
  LD      net/rfkill/rfkill.o
  LD      net/rfkill/built-in.o
  CC      fs/nls/nls_iso8859-1.o
  CC      net/netfilter/xt_owner.o
  CC      fs/partitions/msdos.o
  CC      net/netfilter/xt_pkttype.o
  LD      fs/nls/built-in.o
  CC      fs/proc/mmu.o
  CC      net/ipv4/netfilter.o
  CC      fs/notify/group.o
  CC      drivers/media/video/v4l1-compat.o
  CC      fs/nfs/write.o
  LD      fs/quota/built-in.o
  CC      drivers/mmc/card/block.o
  CC      fs/proc/task_mmu.o
  CC      net/netfilter/xt_policy.o
  LD      fs/partitions/built-in.o
  CC      fs/proc/inode.o
  CC      fs/notify/inode_mark.o
  CC      net/ipv4/netfilter/nf_nat_rule.o
  CC      fs/notify/dnotify/dnotify.o
  CC      net/netfilter/xt_quota.o
  CC      drivers/mmc/card/queue.o
  CC      net/ipv4/netfilter/nf_nat_standalone.o
  CC      fs/proc/root.o
  CC      drivers/media/video/msm/msm_camera.o
  CC      fs/proc/base.o
  LD      fs/notify/dnotify/built-in.o
  CC      fs/notify/inotify/inotify.o
  CC      net/netfilter/xt_state.o
  CC      fs/notify/inotify/inotify_fsnotify.o
  CC      fs/nfs/namespace.o
  LD      drivers/mmc/card/mmc_block.o
  LD      drivers/mmc/card/built-in.o
  CC      drivers/mmc/core/core.o
  CC      net/ipv4/netfilter/nf_conntrack_l3proto_ipv4.o
  CC      net/ipv4/netfilter/nf_conntrack_proto_icmp.o
  CC      net/netfilter/xt_statistic.o
  CC      fs/notify/inotify/inotify_user.o
  CC      fs/nfs/mount_clnt.o
  CC      fs/nfs/dns_resolve.o
  CC      net/ipv4/netfilter/nf_conntrack_l3proto_ipv4_compat.o
  CC      drivers/media/video/msm/msm_v4l2.o
  CC      net/netfilter/xt_string.o
  CC      fs/proc/generic.o
  CC      drivers/mmc/core/bus.o
  LD      fs/notify/inotify/built-in.o
  LD      fs/notify/built-in.o
  CC      net/ipv4/netfilter/nf_nat_core.o
  CC      net/ipv4/netfilter/nf_nat_helper.o
  CC      fs/nfs/cache_lib.o
  CC      net/netfilter/xt_time.o
  CC      drivers/mmc/core/host.o
  CC      drivers/mmc/core/mmc.o
  CC      drivers/media/video/msm/msm_axi_qos.o
  CC      fs/proc/array.o
  CC      fs/nfs/nfs3proc.o
  CC      net/netfilter/xt_u32.o
  CC      fs/nfs/nfs3xdr.o
  CC      drivers/media/video/msm/msm_vfe7x.o
  CC      drivers/mmc/core/mmc_ops.o
  CC      drivers/mmc/core/sd.o
  CC      net/ipv4/netfilter/nf_nat_proto_unknown.o
  CC      fs/proc/proc_tty.o
  LD      net/netfilter/netfilter.o
  LD      net/netfilter/built-in.o
  CC      drivers/mmc/core/sd_ops.o
  CC      drivers/media/video/msm/msm_io7x.o
  CC      net/ipv4/netfilter/nf_nat_proto_common.o
  CC      drivers/media/video/msm/isx005.o
  CC      fs/nfs/sysctl.o
  CC      fs/proc/cmdline.o
  CC      fs/proc/cpuinfo.o
  CC      drivers/mmc/core/sdio.o
  CC      drivers/mmc/core/sdio_ops.o
  CC      fs/ramfs/inode.o
  CC      fs/proc/devices.o
  CC      net/ipv4/netfilter/nf_nat_proto_tcp.o
  CC      fs/proc/interrupts.o
  LD      fs/nfs/nfs.o
  LD      fs/nfs/built-in.o
  CC      fs/proc/loadavg.o
  CC      net/ipv4/tcp_veno.o
  CC      fs/ramfs/file-mmu.o
  CC      drivers/mmc/core/sdio_bus.o
  CC      drivers/mmc/core/sdio_cis.o
  LD      drivers/media/video/msm/built-in.o
  LD      drivers/media/video/videodev.o
  LD      drivers/media/video/built-in.o
  LD      drivers/media/built-in.o
  CC      drivers/mmc/core/sdio_io.o
  CC      net/ipv4/xfrm4_policy.o
  CC      net/ipv4/netfilter/nf_nat_proto_udp.o
  CC      fs/proc/meminfo.o
  LD      fs/ramfs/ramfs.o
  LD      fs/ramfs/built-in.o
  CC      net/ipv4/xfrm4_state.o
  CC      net/ipv4/xfrm4_input.o
  CC      fs/sysfs/inode.o
  CC      net/ipv4/xfrm4_output.o
  CC      drivers/mmc/core/sdio_irq.o
  CC      fs/proc/stat.o
  CC      net/ipv4/netfilter/nf_nat_proto_icmp.o
  CC      net/ipv4/netfilter/nf_defrag_ipv4.o
  CC      fs/sysfs/file.o
  CC      fs/proc/uptime.o
  CC      fs/sysfs/dir.o
  LD      drivers/mmc/core/mmc_core.o
  LD      drivers/mmc/core/built-in.o
  CC      drivers/mmc/host/msm_sdcc.o
  CC      fs/sysfs/symlink.o
  CC      net/sched/sch_generic.o
  CC      net/sched/sch_mq.o
  CC      net/ipv4/netfilter/nf_nat_amanda.o
  CC      fs/proc/version.o
  CC      fs/proc/softirqs.o
  CC      net/ipv4/netfilter/nf_nat_ftp.o
  CC      fs/yaffs2/yaffs_ecc.o
  CC      fs/eventpoll.o
  CC      fs/sysfs/mount.o
  CC      net/ipv4/netfilter/nf_nat_h323.o
  LD      drivers/mmc/host/built-in.o
  LD      drivers/mmc/built-in.o
  CC      net/ipv4/netfilter/nf_nat_pptp.o
  CC      drivers/mtd/mtdcore.o
  CC      fs/sysfs/group.o
  CC      drivers/mtd/mtdsuper.o
  CC      fs/proc/proc_net.o
  CC      drivers/mtd/mtdbdi.o
  CC      net/ipv4/netfilter/nf_nat_sip.o
  CC      drivers/mtd/mtdpart.o
  LD      fs/sysfs/built-in.o
  CC      drivers/mtd/cmdlinepart.o
  CC      fs/proc/page.o
  CC      fs/yaffs2/yaffs_packedtags1.o
  CC      net/sunrpc/clnt.o
  CC      net/sunrpc/xprt.o
  CC      net/sunrpc/socklib.o
  CC      drivers/mtd/mtdchar.o
  CC      net/sunrpc/xprtsock.o
  LD      fs/proc/proc.o
  CC      net/ipv4/netfilter/nf_nat_snmp_basic.o
  LD      fs/proc/built-in.o
  CC      net/sunrpc/sched.o
  CC      drivers/mtd/mtd_blkdevs.o
  CC      net/ipv4/netfilter/nf_nat_tftp.o
  CC      net/sunrpc/auth.o
  CC      drivers/mtd/mtdblock.o
  CC      net/ipv4/netfilter/nf_nat_proto_dccp.o
  CC      net/sunrpc/auth_null.o
  CC      fs/yaffs2/yaffs_packedtags2.o
  CC      drivers/mtd/chips/chipreg.o
  CC      net/ipv4/netfilter/nf_nat_proto_gre.o
  CC      net/ipv4/netfilter/nf_nat_proto_udplite.o
  CC      net/ipv4/netfilter/nf_nat_proto_sctp.o
  CC      drivers/mtd/devices/msm_nand.o
  LD      drivers/mtd/lpddr/built-in.o
  LD      drivers/mtd/chips/built-in.o
  CC      fs/yaffs2/yaffs_nand.o
  CC      net/unix/af_unix.o
  CC      net/ipv4/netfilter/ip_tables.o
  CC      net/sunrpc/auth_unix.o
  CC      net/unix/garbage.o
  CC      net/unix/sysctl_net_unix.o
  LD      drivers/mtd/maps/built-in.o
  CC      fs/anon_inodes.o
  CC      fs/yaffs2/yaffs_qsort.o
  CC      net/sunrpc/auth_generic.o
  CC      drivers/mtd/nand/nand_ids.o
  LD      drivers/mtd/onenand/built-in.o
  CC      fs/yaffs2/yaffs_tagscompat.o
  LD      drivers/mtd/tests/built-in.o
  CC      drivers/net/Space.o
  CC      drivers/net/loopback.o
  CC      net/ipv4/netfilter/iptable_filter.o
  LD      drivers/mtd/nand/built-in.o
  CC      drivers/net/ppp_generic.o
  CC      net/sunrpc/svc.o
  CC      net/sunrpc/svcsock.o
  LD      net/unix/unix.o
  CC      fs/yaffs2/yaffs_tagsvalidity.o
  LD      net/unix/built-in.o
  CC      net/sunrpc/svcauth.o
  CC      net/sunrpc/svcauth_unix.o
  LD      net/ipv4/netfilter/iptable_nat.o
  CC      net/ipv4/netfilter/ipt_addrtype.o
  CC      fs/yaffs2/yaffs_mtdif.o
  CC      drivers/net/ppp_deflate.o
  CC      drivers/net/bsd_comp.o
  CC      net/ipv4/netfilter/ipt_ah.o
  CC      fs/yaffs2/yaffs_mtdif1.o
  CC      drivers/net/ppp_mppe.o
  CC      fs/signalfd.o
  CC      fs/timerfd.o
  CC      net/sunrpc/addr.o
  CC      fs/eventfd.o
  CC      net/ipv4/netfilter/ipt_ecn.o
  CC      fs/yaffs2/yaffs_mtdif2.o
  CC      drivers/net/pppox.o
  LD      drivers/mtd/devices/built-in.o
  LD      drivers/mtd/mtd.o
  CC      drivers/net/pppoe.o
  LD      drivers/mtd/built-in.o
  CC      net/sunrpc/rpcb_clnt.o
  CC      net/sunrpc/timer.o
  CC      net/sunrpc/xdr.o
  LD      drivers/platform/built-in.o
  CC      drivers/power/msm_battery.o
  LD      fs/yaffs2/yaffs.o
  LD      fs/yaffs2/built-in.o
  CC      fs/aio.o
  CC      net/ipv4/netfilter/ipt_MASQUERADE.o
  CC      fs/locks.o
  CC      fs/binfmt_script.o
  CC      fs/binfmt_elf.o
  CC      net/ipv4/netfilter/ipt_NETMAP.o
  CC      drivers/power/power_supply_core.o
  CC      net/ipv4/netfilter/ipt_REDIRECT.o
  CC      drivers/net/pppol2tp.o
  CC      net/sunrpc/sunrpc_syms.o
  CC      drivers/power/power_supply_sysfs.o
  CC      net/sunrpc/cache.o
  CC      net/ipv4/netfilter/ipt_REJECT.o
  CC      net/wireless/wext.o
  CC      net/xfrm/xfrm_policy.o
  CC      net/xfrm/xfrm_state.o
  LD      drivers/power/power_supply.o
  LD      drivers/power/msm_batt.o
  LD      drivers/power/built-in.o
  CC      net/xfrm/xfrm_hash.o
  CC      fs/mbcache.o
  CC      drivers/net/pppolac.o
  CC      net/ipv4/netfilter/arp_tables.o
  LD      fs/built-in.o
  CC      drivers/net/pppopns.o
  LD      net/wireless/built-in.o
  CC      drivers/net/slip.o
  CC      net/sysctl_net.o
  CC      net/sunrpc/rpc_pipe.o
  CC      drivers/net/slhc.o
  CC      drivers/net/dummy.o
  CC      net/sunrpc/svc_xprt.o
  CC      net/ipv4/netfilter/arpt_mangle.o
  LD      drivers/net/arm/built-in.o
  CC      drivers/net/wireless/bcm4325/brcm_static_buf.o
  CC      drivers/net/msm_rmnet.o
  CC      net/xfrm/xfrm_input.o
  CC [M]  drivers/net/wireless/bcm4325/src/dhd/sys/dhd_linux.o
  CC      net/xfrm/xfrm_output.o
  CC      net/sunrpc/stats.o
  CC [M]  drivers/net/wireless/bcm4325/src/shared/linux_osl.o
In file included from drivers/net/wireless/bcm4325/src/include/linuxver.h:68:0,
                 from drivers/net/wireless/bcm4325/src/dhd/sys/dhd_linux.c:29:
include/linux/netdevice.h: In function 'skb_gro_offset':
include/linux/netdevice.h:1177:9: error: dereferencing type-punned pointer will break strict-aliasing rules [-Werror=strict-aliasing]
include/linux/netdevice.h: In function 'skb_gro_len':
include/linux/netdevice.h:1182:20: error: dereferencing type-punned pointer will break strict-aliasing rules [-Werror=strict-aliasing]
include/linux/netdevice.h: In function 'skb_gro_pull':
include/linux/netdevice.h:1187:2: error: dereferencing type-punned pointer will break strict-aliasing rules [-Werror=strict-aliasing]
include/linux/netdevice.h: In function 'skb_gro_header_fast':
include/linux/netdevice.h:1193:9: error: dereferencing type-punned pointer will break strict-aliasing rules [-Werror=strict-aliasing]
include/linux/netdevice.h: In function 'skb_gro_header_hard':
include/linux/netdevice.h:1198:9: error: dereferencing type-punned pointer will break strict-aliasing rules [-Werror=strict-aliasing]
include/linux/netdevice.h: In function 'skb_gro_header_slow':
include/linux/netdevice.h:1204:2: error: dereferencing type-punned pointer will break strict-aliasing rules [-Werror=strict-aliasing]
include/linux/netdevice.h:1205:2: error: dereferencing type-punned pointer will break strict-aliasing rules [-Werror=strict-aliasing]
include/linux/netdevice.h: In function 'skb_gro_mac_header':
include/linux/netdevice.h:1211:9: error: dereferencing type-punned pointer will break strict-aliasing rules [-Werror=strict-aliasing]
include/linux/netdevice.h: In function 'skb_gro_network_header':
include/linux/netdevice.h:1216:10: error: dereferencing type-punned pointer will break strict-aliasing rules [-Werror=strict-aliasing]
  CC      net/ipv4/netfilter/arptable_filter.o
drivers/net/wireless/bcm4325/src/dhd/sys/dhd_linux.c: In function 'dhd_rx_frame':
drivers/net/wireless/bcm4325/src/dhd/sys/dhd_linux.c:829:24: error: variable 'save_pktbuf' set but not used [-Werror=unused-but-set-variable]
cc1: all warnings being treated as errors

make[4]: ** [drivers/net/wireless/bcm4325/src/dhd/sys/dhd_linux.o] Erro 1
make[4]: ** Esperando que outros processos terminem.
  CC      net/sunrpc/sysctl.o
  LD      net/ipv4/netfilter/nf_conntrack_ipv4.o
  CC      drivers/rtc/rtc-lib.o
In file included from drivers/net/wireless/bcm4325/src/include/linuxver.h:68:0,
                 from drivers/net/wireless/bcm4325/src/shared/linux_osl.c:32:
include/linux/netdevice.h: In function 'skb_gro_offset':
include/linux/netdevice.h:1177:9: error: dereferencing type-punned pointer will break strict-aliasing rules [-Werror=strict-aliasing]
include/linux/netdevice.h: In function 'skb_gro_len':
include/linux/netdevice.h:1182:20: error: dereferencing type-punned pointer will break strict-aliasing rules [-Werror=strict-aliasing]
include/linux/netdevice.h: In function 'skb_gro_pull':
include/linux/netdevice.h:1187:2: error: dereferencing type-punned pointer will break strict-aliasing rules [-Werror=strict-aliasing]
include/linux/netdevice.h: In function 'skb_gro_header_fast':
include/linux/netdevice.h:1193:9: error: dereferencing type-punned pointer will break strict-aliasing rules [-Werror=strict-aliasing]
include/linux/netdevice.h: In function 'skb_gro_header_hard':
include/linux/netdevice.h:1198:9: error: dereferencing type-punned pointer will break strict-aliasing rules [-Werror=strict-aliasing]
include/linux/netdevice.h: In function 'skb_gro_header_slow':
include/linux/netdevice.h:1204:2: error: dereferencing type-punned pointer will break strict-aliasing rules [-Werror=strict-aliasing]
include/linux/netdevice.h:1205:2: error: dereferencing type-punned pointer will break strict-aliasing rules [-Werror=strict-aliasing]
include/linux/netdevice.h: In function 'skb_gro_mac_header':
include/linux/netdevice.h:1211:9: error: dereferencing type-punned pointer will break strict-aliasing rules [-Werror=strict-aliasing]
include/linux/netdevice.h: In function 'skb_gro_network_header':
include/linux/netdevice.h:1216:10: error: dereferencing type-punned pointer will break strict-aliasing rules [-Werror=strict-aliasing]
  CC      drivers/rtc/hctosys.o
cc1: all warnings being treated as errors

make[4]: ** [drivers/net/wireless/bcm4325/src/shared/linux_osl.o] Erro 1
make[3]: ** [drivers/net/wireless/bcm4325] Erro 2
make[2]: ** [drivers/net/wireless] Erro 2
make[1]: ** [drivers/net] Erro 2
make[1]: ** Esperando que outros processos terminem.
  LD      net/ipv4/netfilter/nf_nat.o
  CC      drivers/rtc/class.o
  CC      net/xfrm/xfrm_algo.o
  CC      drivers/rtc/interface.o
  CC      net/xfrm/xfrm_sysctl.o
  LD      net/ipv4/netfilter/built-in.o
  LD      net/ipv4/built-in.o
  CC      drivers/rtc/rtc-dev.o
  CC      net/xfrm/xfrm_user.o
  LD      net/sunrpc/sunrpc.o
  LD      net/sunrpc/built-in.o
  CC      net/xfrm/xfrm_ipcomp.o
  CC      drivers/rtc/rtc-proc.o
  CC      drivers/rtc/rtc-sysfs.o
  CC      drivers/rtc/alarm.o
  CC      drivers/rtc/alarm-dev.o
  CC      drivers/rtc/rtc-msm.o
  LD      drivers/rtc/rtc-core.o
  LD      drivers/rtc/built-in.o
make: ** [drivers] Erro 2
make: ** Esperando que outros processos terminem.
  LD      net/xfrm/built-in.o
  LD      net/built-in.o
